<?xml version="1.0" encoding="UTF-8"?>
<testng-results ignored="0" total="1" passed="1" failed="0" skipped="0">
  <reporter-output>
  </reporter-output>
  <suite started-at="2025-01-23T19:52:52 IST" name="Default suite" finished-at="2025-01-23T19:53:18 IST" duration-ms="25933">
    <groups>
      <group name="cucumber">
        <method signature="AbstractTestNGCucumberTests.runScenario(io.cucumber.testng.PickleWrapper,io.cucumber.testng.FeatureWrapper)[pri:0, instance:runner.RunnerStep@515aebb0]" name="runScenario" class="io.cucumber.testng.AbstractTestNGCucumberTests"/>
      </group> <!-- cucumber -->
    </groups>
    <test started-at="2025-01-23T19:52:52 IST" name="Default test" finished-at="2025-01-23T19:53:18 IST" duration-ms="25933">
      <class name="runner.RunnerStep">
        <test-method is-config="true" signature="setUpClass()[pri:0, instance:runner.RunnerStep@515aebb0]" started-at="2025-01-23T19:52:52 IST" name="setUpClass" finished-at="2025-01-23T19:52:53 IST" duration-ms="536" status="PASS">
          <reporter-output>
          </reporter-output>
        </test-method> <!-- setUpClass -->
        <test-method signature="runScenario(io.cucumber.testng.PickleWrapper,io.cucumber.testng.FeatureWrapper)[pri:0, instance:runner.RunnerStep@515aebb0]" started-at="2025-01-23T19:52:53 IST" name="runScenario" description="Runs Cucumber Scenarios" data-provider="scenarios" finished-at="2025-01-23T19:53:18 IST" duration-ms="25245" status="PASS">
          <params>
            <param index="0">
              <value>
                <![CDATA["Validate the login functionality"]]>
              </value>
            </param>
            <param index="1">
              <value>
                <![CDATA["Optional[test Orange HRM application]"]]>
              </value>
            </param>
          </params>
          <reporter-output>
          </reporter-output>
        </test-method> <!-- runScenario -->
        <test-method is-config="true" signature="tearDownClass()[pri:0, instance:runner.RunnerStep@515aebb0]" started-at="2025-01-23T19:53:18 IST" name="tearDownClass" finished-at="2025-01-23T19:53:18 IST" duration-ms="38" status="PASS">
          <reporter-output>
          </reporter-output>
        </test-method> <!-- tearDownClass -->
      </class> <!-- runner.RunnerStep -->
    </test> <!-- Default test -->
  </suite> <!-- Default suite -->
</testng-results>
